Arguments: 
  /Users/crispico/.fnm/node-versions/v15.2.1/installation/bin/node /usr/local/bin/yarn init

PATH: 
  /opt/local/bin:/opt/local/sbin:/var/folders/15/qms1l25x4lg1dxyb5_cxdmr80000gn/T/fnm_multishell_70954_1609470091453/bin:/usr/local/opt/llvm/bin:/usr/local/Cellar/eosio/2.0.7/bin:/Users/crispico/Code/flutter/bin:/Users/crispico/.bin:/Users/crispico/nvim-osx64:/Users/crispico/.cargo/bin:/Users/crispico/Code/depot_tools:/Users/crispico/.cargo/bin:/usr/local/bin:/usr/bin:/bin:/usr/sbin:/sbin:/opt/X11/bin:/Library/Apple/usr/bin:/Library/Frameworks/Mono.framework/Versions/Current/Commands

Yarn version: 
  1.22.10

Node version: 
  15.2.1

Platform: 
  darwin x64

Trace: 
  Error: canceled
      at Interface.<anonymous> (/Users/crispico/.config/yarn/global/node_modules/yarn/lib/cli.js:136216:13)
      at Interface.emit (node:events:329:20)
      at Interface._ttyWrite (node:readline:875:16)
      at ReadStream.onkeypress (node:readline:213:10)
      at ReadStream.emit (node:events:329:20)
      at emitKeys (node:internal/readline/utils:345:14)
      at emitKeys.next (<anonymous>)
      at ReadStream.onData (node:readline:1144:36)
      at ReadStream.emit (node:events:329:20)
      at addChunk (node:internal/streams/readable:304:12)

npm manifest: 
  No manifest

yarn manifest: 
  No manifest

Lockfile: 
  No lockfile
